<?xml version="1.0" encoding="UTF-8"?>
<testsuite xmlns:xsi="http://www.w3.org/2001/XMLSchema-instance" xsi:noNamespaceSchemaLocation="https://maven.apache.org/surefire/maven-surefire-plugin/xsd/surefire-test-report-3.0.xsd" version="3.0" name="tests.gui.phpTravels.TestRegistration" time="305.526" tests="10" errors="0" skipped="0" failures="6">
  <properties>
    <property name="java.specification.version" value="13"/>
    <property name="sun.cpu.isalist" value="amd64"/>
    <property name="sun.jnu.encoding" value="Cp1252"/>
    <property name="setPreserveOrder" value="true"/>
    <property name="propertiesFolderPath_jenkins" value=""/>
    <property name="sun.arch.data.model" value="64"/>
    <property name="targetBrowserName" value="GoogleChrome"/>
    <property name="testDataFolderPath" value="src/test/resources/TestDataFiles/"/>
    <property name="java.vendor.url" value="https://java.oracle.com/"/>
    <property name="allureResultsFolderPath" value="allure-results/"/>
    <property name="sun.boot.library.path" value="C:\Program Files\Java\jdk-13.0.1\bin"/>
    <property name="sun.java.command" value="C:\Users\Mamdouh\AppData\Local\Temp\surefire10993822767771324812\surefirebooter2882372834296219221.jar C:\Users\Mamdouh\AppData\Local\Temp\surefire10993822767771324812 2020-03-30T11-09-44_376-jvmRun1 surefire2914403588474319568tmp surefire_014141969946720985307tmp"/>
    <property name="jdk.debug" value="release"/>
    <property name="screenshotParams_watermarkOpacity" value="0.2"/>
    <property name="maximumPerformanceMode" value="false"/>
    <property name="autoMaximizeBrowserWindow" value="true"/>
    <property name="java.specification.vendor" value="Oracle Corporation"/>
    <property name="java.version.date" value="2019-10-15"/>
    <property name="shaftEngineVersion" value="4.1.20200309"/>
    <property name="java.home" value="C:\Program Files\Java\jdk-13.0.1"/>
    <property name="basedir" value="C:\Users\Mamdouh\workspace\PHPTravels_RegistrationModule"/>
    <property name="file.separator" value="\"/>
    <property name="alwaysLogDiscreetly" value="false"/>
    <property name="java.vm.compressedOopsMode" value="32-bit"/>
    <property name="line.separator" value="&#10;"/>
    <property name="java.vm.specification.vendor" value="Oracle Corporation"/>
    <property name="java.specification.name" value="Java Platform API Specification"/>
    <property name="aiPoweredElementIdentification" value="false"/>
    <property name="testDataColumnNamePrefix" value="Data"/>
    <property name="appium_platformVersion" value="8.0.0"/>
    <property name="javax.accessibility.screen_magnifier_present" value="true"/>
    <property name="automaticallyCleanAllureResultsDirectoryBeforeExecution" value="true"/>
    <property name="targetOperatingSystem" value="Windows-64"/>
    <property name="waitImplicitly" value="false"/>
    <property name="user.script" value=""/>
    <property name="propertiesFolderPath" value="src/test/resources/Properties/"/>
    <property name="sun.management.compiler" value="HotSpot 64-Bit Tiered Compilers"/>
    <property name="java.runtime.version" value="13.0.1+9"/>
    <property name="headlessExecution" value="false"/>
    <property name="user.name" value="Mamdouh"/>
    <property name="appium_automationName" value="Appium"/>
    <property name="watermarkImagePath" value="/images/shaft.png"/>
    <property name="screenshotParams_watermark" value="true"/>
    <property name="testSuiteFolderPath" value="src/test/resources/TestSuites/"/>
    <property name="file.encoding" value="Cp1252"/>
    <property name="forceCheckForElementVisibility" value="true"/>
    <property name="localRepository" value="C:\Users\Mamdouh\.m2\repository"/>
    <property name="java.io.tmpdir" value="C:\Users\Mamdouh\AppData\Local\Temp\"/>
    <property name="appium_platformName" value=""/>
    <property name="databaseNetworkTimeout" value="60"/>
    <property name="java.version" value="13.0.1"/>
    <property name="defaultElementIdentificationTimeout" value="5"/>
    <property name="appium_appPackage" value=""/>
    <property name="java.vm.specification.name" value="Java Virtual Machine Specification"/>
    <property name="dockerCommandTimeout" value="30"/>
    <property name="databaseLoginTimeout" value="30"/>
    <property name="attemptsBeforeThrowingElementNotFoundException" value="5"/>
    <property name="sun.os.patch.level" value=""/>
    <property name="org.slf4j.simpleLogger.defaultLogLevel" value="off"/>
    <property name="implicitWaitTimeout" value="120"/>
    <property name="java.library.path" value="C:\Program Files\Java\jdk-13.0.1\bin;C:\WINDOWS\Sun\Java\bin;C:\WINDOWS\system32;C:\WINDOWS;C:\WINDOWS\system32;C:\WINDOWS;C:\Program Files\Java\jdk-13.0.1\bin;C:\Users\Mamdouh\apache-maven-3.6.2\bin;C:\WINDOWS\system32;C:\WINDOWS;C:\WINDOWS\System32\Wbem;C:\WINDOWS\System32\WindowsPowerShell\v1.0\;C:\WINDOWS\System32\OpenSSH\;C:\Program Files\Docker\Docker\resources\bin;C:\ProgramData\DockerDesktop\version-bin;C:\Program Files\dotnet\;C:\Users\Mamdouh\AppData\Local\Microsoft\WindowsApps;;."/>
    <property name="automaticallyGenerateAllureReport" value="false"/>
    <property name="java.vendor" value="Oracle Corporation"/>
    <property name="customDriverName" value=""/>
    <property name="appium_udid" value="RQ3005TAQP"/>
    <property name="sun.io.unicode.encoding" value="UnicodeLittle"/>
    <property name="executionAddress" value="local"/>
    <property name="apiConnectionManagerTimeout" value="60"/>
    <property name="browserObjectSingleton" value="true"/>
    <property name="screenshotParams_whenToTakeAScreenshot" value="FailuresOnly"/>
    <property name="browserNavigationTimeout" value="120"/>
    <property name="scriptExecutionTimeout" value="120"/>
    <property name="webdriver.chrome.driver" value="C:\Users\Mamdouh\.m2\repository\webdriver\chromedriver\win32\80.0.3987.106\chromedriver.exe"/>
    <property name="screenshotParams_highlightElements" value="true"/>
    <property name="MobileBrowserVersion" value="78.0.3904"/>
    <property name="java.class.path" value="C:\Users\Mamdouh\workspace\PHPTravels_RegistrationModule\target\test-classes;C:\Users\Mamdouh\workspace\PHPTravels_RegistrationModule\target\classes;C:\Users\Mamdouh\.m2\repository\com\sikulix\sikulixapi\2.0.3\sikulixapi-2.0.3.jar;C:\Users\Mamdouh\.m2\repository\com\sikulix\sikulix2tigervnc\1.1.4\sikulix2tigervnc-1.1.4.jar;C:\Users\Mamdouh\.m2\repository\commons-cli\commons-cli\1.4\commons-cli-1.4.jar;C:\Users\Mamdouh\.m2\repository\org\apache\commons\commons-exec\1.3\commons-exec-1.3.jar;C:\Users\Mamdouh\.m2\repository\net\java\dev\jna\jna-platform\5.4.0\jna-platform-5.4.0.jar;C:\Users\Mamdouh\.m2\repository\net\java\dev\jna\jna\5.4.0\jna-5.4.0.jar;C:\Users\Mamdouh\.m2\repository\net\oneandone\reflections8\reflections8\0.11.6\reflections8-0.11.6.jar;C:\Users\Mamdouh\.m2\repository\org\javassist\javassist\3.22.0-GA\javassist-3.22.0-GA.jar;C:\Users\Mamdouh\.m2\repository\net\sourceforge\tess4j\tess4j\4.4.1\tess4j-4.4.1.jar;C:\Users\Mamdouh\.m2\repository\com\github\jai-imageio\jai-imageio-core\1.4.0\jai-imageio-core-1.4.0.jar;C:\Users\Mamdouh\.m2\repository\org\ghost4j\ghost4j\1.0.1\ghost4j-1.0.1.jar;C:\Users\Mamdouh\.m2\repository\log4j\log4j\1.2.17\log4j-1.2.17.jar;C:\Users\Mamdouh\.m2\repository\org\apache\xmlgraphics\xmlgraphics-commons\1.4\xmlgraphics-commons-1.4.jar;C:\Users\Mamdouh\.m2\repository\com\lowagie\itext\2.1.7\itext-2.1.7.jar;C:\Users\Mamdouh\.m2\repository\org\apache\pdfbox\pdfbox\2.0.17\pdfbox-2.0.17.jar;C:\Users\Mamdouh\.m2\repository\org\apache\pdfbox\fontbox\2.0.17\fontbox-2.0.17.jar;C:\Users\Mamdouh\.m2\repository\commons-logging\commons-logging\1.2\commons-logging-1.2.jar;C:\Users\Mamdouh\.m2\repository\org\apache\pdfbox\pdfbox-tools\2.0.17\pdfbox-tools-2.0.17.jar;C:\Users\Mamdouh\.m2\repository\org\apache\pdfbox\pdfbox-debugger\2.0.17\pdfbox-debugger-2.0.17.jar;C:\Users\Mamdouh\.m2\repository\org\apache\pdfbox\jbig2-imageio\3.0.2\jbig2-imageio-3.0.2.jar;C:\Users\Mamdouh\.m2\repository\net\sourceforge\lept4j\lept4j\1.12.3\lept4j-1.12.3.jar;C:\Users\Mamdouh\.m2\repository\org\jboss\jboss-vfs\3.2.14.Final\jboss-vfs-3.2.14.Final.jar;C:\Users\Mamdouh\.m2\repository\org\jboss\logging\jboss-logging\3.1.4.GA\jboss-logging-3.1.4.GA.jar;C:\Users\Mamdouh\.m2\repository\org\slf4j\jul-to-slf4j\1.7.28\jul-to-slf4j-1.7.28.jar;C:\Users\Mamdouh\.m2\repository\org\slf4j\jcl-over-slf4j\1.7.28\jcl-over-slf4j-1.7.28.jar;C:\Users\Mamdouh\.m2\repository\org\slf4j\log4j-over-slf4j\1.7.28\log4j-over-slf4j-1.7.28.jar;C:\Users\Mamdouh\.m2\repository\org\testng\testng\7.0.0\testng-7.0.0.jar;C:\Users\Mamdouh\.m2\repository\com\beust\jcommander\1.72\jcommander-1.72.jar;C:\Users\Mamdouh\.m2\repository\org\seleniumhq\selenium\selenium-java\3.141.59\selenium-java-3.141.59.jar;C:\Users\Mamdouh\.m2\repository\org\seleniumhq\selenium\selenium-api\3.141.59\selenium-api-3.141.59.jar;C:\Users\Mamdouh\.m2\repository\org\seleniumhq\selenium\selenium-chrome-driver\3.141.59\selenium-chrome-driver-3.141.59.jar;C:\Users\Mamdouh\.m2\repository\org\seleniumhq\selenium\selenium-edge-driver\3.141.59\selenium-edge-driver-3.141.59.jar;C:\Users\Mamdouh\.m2\repository\org\seleniumhq\selenium\selenium-firefox-driver\3.141.59\selenium-firefox-driver-3.141.59.jar;C:\Users\Mamdouh\.m2\repository\org\seleniumhq\selenium\selenium-ie-driver\3.141.59\selenium-ie-driver-3.141.59.jar;C:\Users\Mamdouh\.m2\repository\org\seleniumhq\selenium\selenium-opera-driver\3.141.59\selenium-opera-driver-3.141.59.jar;C:\Users\Mamdouh\.m2\repository\org\seleniumhq\selenium\selenium-remote-driver\3.141.59\selenium-remote-driver-3.141.59.jar;C:\Users\Mamdouh\.m2\repository\org\seleniumhq\selenium\selenium-safari-driver\3.141.59\selenium-safari-driver-3.141.59.jar;C:\Users\Mamdouh\.m2\repository\org\seleniumhq\selenium\selenium-support\3.141.59\selenium-support-3.141.59.jar;C:\Users\Mamdouh\.m2\repository\net\bytebuddy\byte-buddy\1.8.15\byte-buddy-1.8.15.jar;C:\Users\Mamdouh\.m2\repository\com\google\guava\guava\25.0-jre\guava-25.0-jre.jar;C:\Users\Mamdouh\.m2\repository\com\google\code\findbugs\jsr305\1.3.9\jsr305-1.3.9.jar;C:\Users\Mamdouh\.m2\repository\org\checkerframework\checker-compat-qual\2.0.0\checker-compat-qual-2.0.0.jar;C:\Users\Mamdouh\.m2\repository\com\google\errorprone\error_prone_annotations\2.1.3\error_prone_annotations-2.1.3.jar;C:\Users\Mamdouh\.m2\repository\com\google\j2objc\j2objc-annotations\1.1\j2objc-annotations-1.1.jar;C:\Users\Mamdouh\.m2\repository\org\codehaus\mojo\animal-sniffer-annotations\1.14\animal-sniffer-annotations-1.14.jar;C:\Users\Mamdouh\.m2\repository\com\squareup\okhttp3\okhttp\3.11.0\okhttp-3.11.0.jar;C:\Users\Mamdouh\.m2\repository\com\squareup\okio\okio\1.14.0\okio-1.14.0.jar;C:\Users\Mamdouh\.m2\repository\io\appium\java-client\7.3.0\java-client-7.3.0.jar;C:\Users\Mamdouh\.m2\repository\com\google\code\gson\gson\2.8.5\gson-2.8.5.jar;C:\Users\Mamdouh\.m2\repository\org\apache\httpcomponents\httpclient\4.5.9\httpclient-4.5.9.jar;C:\Users\Mamdouh\.m2\repository\org\apache\httpcomponents\httpcore\4.4.11\httpcore-4.4.11.jar;C:\Users\Mamdouh\.m2\repository\cglib\cglib\3.2.12\cglib-3.2.12.jar;C:\Users\Mamdouh\.m2\repository\org\ow2\asm\asm\7.1\asm-7.1.jar;C:\Users\Mamdouh\.m2\repository\commons-validator\commons-validator\1.6\commons-validator-1.6.jar;C:\Users\Mamdouh\.m2\repository\commons-beanutils\commons-beanutils\1.9.2\commons-beanutils-1.9.2.jar;C:\Users\Mamdouh\.m2\repository\commons-digester\commons-digester\1.8.1\commons-digester-1.8.1.jar;C:\Users\Mamdouh\.m2\repository\commons-collections\commons-collections\3.2.2\commons-collections-3.2.2.jar;C:\Users\Mamdouh\.m2\repository\org\apache\commons\commons-lang3\3.9\commons-lang3-3.9.jar;C:\Users\Mamdouh\.m2\repository\commons-io\commons-io\2.6\commons-io-2.6.jar;C:\Users\Mamdouh\.m2\repository\org\springframework\spring-context\5.1.8.RELEASE\spring-context-5.1.8.RELEASE.jar;C:\Users\Mamdouh\.m2\repository\org\springframework\spring-aop\5.1.8.RELEASE\spring-aop-5.1.8.RELEASE.jar;C:\Users\Mamdouh\.m2\repository\org\springframework\spring-beans\5.1.8.RELEASE\spring-beans-5.1.8.RELEASE.jar;C:\Users\Mamdouh\.m2\repository\org\springframework\spring-core\5.1.8.RELEASE\spring-core-5.1.8.RELEASE.jar;C:\Users\Mamdouh\.m2\repository\org\springframework\spring-jcl\5.1.8.RELEASE\spring-jcl-5.1.8.RELEASE.jar;C:\Users\Mamdouh\.m2\repository\org\springframework\spring-expression\5.1.8.RELEASE\spring-expression-5.1.8.RELEASE.jar;C:\Users\Mamdouh\.m2\repository\org\openpnp\opencv\3.4.2-2\opencv-3.4.2-2.jar;C:\Users\Mamdouh\.m2\repository\com\applitools\eyes-images-java4\4.5.0\eyes-images-java4-4.5.0.jar;C:\Users\Mamdouh\.m2\repository\com\applitools\eyes-common-java4\4.5.0\eyes-common-java4-4.5.0.jar;C:\Users\Mamdouh\.m2\repository\org\imgscalr\imgscalr-lib\4.2\imgscalr-lib-4.2.jar;C:\Users\Mamdouh\.m2\repository\com\fasterxml\jackson\core\jackson-databind\2.9.10.1\jackson-databind-2.9.10.1.jar;C:\Users\Mamdouh\.m2\repository\com\fasterxml\jackson\core\jackson-annotations\2.9.10\jackson-annotations-2.9.10.jar;C:\Users\Mamdouh\.m2\repository\com\fasterxml\jackson\core\jackson-core\2.9.10\jackson-core-2.9.10.jar;C:\Users\Mamdouh\.m2\repository\com\applitools\eyes-sdk-core-java4\4.5.0\eyes-sdk-core-java4-4.5.0.jar;C:\Users\Mamdouh\.m2\repository\com\applitools\eyes-connectivity-java4-jersey2x\4.5.0\eyes-connectivity-java4-jersey2x-4.5.0.jar;C:\Users\Mamdouh\.m2\repository\org\glassfish\jersey\connectors\jersey-apache-connector\2.16\jersey-apache-connector-2.16.jar;C:\Users\Mamdouh\.m2\repository\org\glassfish\jersey\core\jersey-common\2.16\jersey-common-2.16.jar;C:\Users\Mamdouh\.m2\repository\javax\annotation\javax.annotation-api\1.2\javax.annotation-api-1.2.jar;C:\Users\Mamdouh\.m2\repository\org\glassfish\jersey\bundles\repackaged\jersey-guava\2.16\jersey-guava-2.16.jar;C:\Users\Mamdouh\.m2\repository\org\glassfish\hk2\osgi-resource-locator\1.0.1\osgi-resource-locator-1.0.1.jar;C:\Users\Mamdouh\.m2\repository\javax\ws\rs\javax.ws.rs-api\2.0.1\javax.ws.rs-api-2.0.1.jar;C:\Users\Mamdouh\.m2\repository\org\glassfish\jersey\core\jersey-client\2.16\jersey-client-2.16.jar;C:\Users\Mamdouh\.m2\repository\org\glassfish\hk2\hk2-api\2.4.0-b09\hk2-api-2.4.0-b09.jar;C:\Users\Mamdouh\.m2\repository\org\glassfish\hk2\hk2-utils\2.4.0-b09\hk2-utils-2.4.0-b09.jar;C:\Users\Mamdouh\.m2\repository\org\glassfish\hk2\external\aopalliance-repackaged\2.4.0-b09\aopalliance-repackaged-2.4.0-b09.jar;C:\Users\Mamdouh\.m2\repository\org\glassfish\hk2\external\javax.inject\2.4.0-b09\javax.inject-2.4.0-b09.jar;C:\Users\Mamdouh\.m2\repository\org\glassfish\hk2\hk2-locator\2.4.0-b09\hk2-locator-2.4.0-b09.jar;C:\Users\Mamdouh\.m2\repository\io\github\bonigarcia\webdrivermanager\3.8.1\webdrivermanager-3.8.1.jar;C:\Users\Mamdouh\.m2\repository\org\rauschig\jarchivelib\1.0.0\jarchivelib-1.0.0.jar;C:\Users\Mamdouh\.m2\repository\org\jsoup\jsoup\1.11.3\jsoup-1.11.3.jar;C:\Users\Mamdouh\.m2\repository\org\apache\poi\poi\4.1.2\poi-4.1.2.jar;C:\Users\Mamdouh\.m2\repository\commons-codec\commons-codec\1.13\commons-codec-1.13.jar;C:\Users\Mamdouh\.m2\repository\org\apache\commons\commons-collections4\4.4\commons-collections4-4.4.jar;C:\Users\Mamdouh\.m2\repository\org\apache\commons\commons-math3\3.6.1\commons-math3-3.6.1.jar;C:\Users\Mamdouh\.m2\repository\com\zaxxer\SparseBitSet\1.2\SparseBitSet-1.2.jar;C:\Users\Mamdouh\.m2\repository\org\apache\poi\poi-ooxml\4.1.2\poi-ooxml-4.1.2.jar;C:\Users\Mamdouh\.m2\repository\org\apache\poi\poi-ooxml-schemas\4.1.2\poi-ooxml-schemas-4.1.2.jar;C:\Users\Mamdouh\.m2\repository\org\apache\xmlbeans\xmlbeans\3.1.0\xmlbeans-3.1.0.jar;C:\Users\Mamdouh\.m2\repository\org\apache\commons\commons-compress\1.19\commons-compress-1.19.jar;C:\Users\Mamdouh\.m2\repository\com\github\virtuald\curvesapi\1.06\curvesapi-1.06.jar;C:\Users\Mamdouh\.m2\repository\io\qameta\allure\allure-testng\2.13.1\allure-testng-2.13.1.jar;C:\Users\Mamdouh\.m2\repository\io\qameta\allure\allure-java-commons\2.13.1\allure-java-commons-2.13.1.jar;C:\Users\Mamdouh\.m2\repository\io\qameta\allure\allure-model\2.13.1\allure-model-2.13.1.jar;C:\Users\Mamdouh\.m2\repository\org\apache\tika\tika-core\1.20\tika-core-1.20.jar;C:\Users\Mamdouh\.m2\repository\org\jooq\joor-java-8\0.9.10\joor-java-8-0.9.10.jar;C:\Users\Mamdouh\.m2\repository\org\aspectj\aspectjweaver\1.9.5\aspectjweaver-1.9.5.jar;C:\Users\Mamdouh\.m2\repository\io\rest-assured\rest-assured\4.2.0\rest-assured-4.2.0.jar;C:\Users\Mamdouh\.m2\repository\org\codehaus\groovy\groovy\2.5.8\groovy-2.5.8.jar;C:\Users\Mamdouh\.m2\repository\org\codehaus\groovy\groovy-xml\2.5.8\groovy-xml-2.5.8.jar;C:\Users\Mamdouh\.m2\repository\org\apache\httpcomponents\httpmime\4.5.3\httpmime-4.5.3.jar;C:\Users\Mamdouh\.m2\repository\org\hamcrest\hamcrest\2.1\hamcrest-2.1.jar;C:\Users\Mamdouh\.m2\repository\org\ccil\cowan\tagsoup\tagsoup\1.2.1\tagsoup-1.2.1.jar;C:\Users\Mamdouh\.m2\repository\io\rest-assured\json-path\4.2.0\json-path-4.2.0.jar;C:\Users\Mamdouh\.m2\repository\org\codehaus\groovy\groovy-json\2.5.8\groovy-json-2.5.8.jar;C:\Users\Mamdouh\.m2\repository\io\rest-assured\rest-assured-common\4.2.0\rest-assured-common-4.2.0.jar;C:\Users\Mamdouh\.m2\repository\io\rest-assured\xml-path\4.2.0\xml-path-4.2.0.jar;C:\Users\Mamdouh\.m2\repository\jakarta\xml\bind\jakarta.xml.bind-api\2.3.2\jakarta.xml.bind-api-2.3.2.jar;C:\Users\Mamdouh\.m2\repository\jakarta\activation\jakarta.activation-api\1.2.1\jakarta.activation-api-1.2.1.jar;C:\Users\Mamdouh\.m2\repository\com\sun\xml\bind\jaxb-osgi\2.3.0.1\jaxb-osgi-2.3.0.1.jar;C:\Users\Mamdouh\.m2\repository\org\apache\sling\org.apache.sling.javax.activation\0.1.0\org.apache.sling.javax.activation-0.1.0.jar;C:\Users\Mamdouh\.m2\repository\javax\activation\activation\1.1.1\activation-1.1.1.jar;C:\Users\Mamdouh\.m2\repository\com\googlecode\json-simple\json-simple\1.1.1\json-simple-1.1.1.jar;C:\Users\Mamdouh\.m2\repository\junit\junit\4.10\junit-4.10.jar;C:\Users\Mamdouh\.m2\repository\org\hamcrest\hamcrest-core\1.1\hamcrest-core-1.1.jar;C:\Users\Mamdouh\.m2\repository\org\skyscreamer\jsonassert\1.5.0\jsonassert-1.5.0.jar;C:\Users\Mamdouh\.m2\repository\com\vaadin\external\google\android-json\0.0.20131108.vaadin1\android-json-0.0.20131108.vaadin1.jar;C:\Users\Mamdouh\.m2\repository\eu\medsea\mimeutil\mime-util\2.1.3\mime-util-2.1.3.jar;C:\Users\Mamdouh\.m2\repository\com\jcraft\jsch\0.1.55\jsch-0.1.55.jar;C:\Users\Mamdouh\.m2\repository\com\github\cverges\expect4j\1.9\expect4j-1.9.jar;C:\Users\Mamdouh\.m2\repository\org\apache\servicemix\bundles\org.apache.servicemix.bundles.oro\2.0.8_6\org.apache.servicemix.bundles.oro-2.0.8_6.jar;C:\Users\Mamdouh\.m2\repository\commons-net\commons-net\3.3\commons-net-3.3.jar;C:\Users\Mamdouh\.m2\repository\net\sourceforge\tcljava\com.springsource.tcl.lang.jacl\1.4.1\com.springsource.tcl.lang.jacl-1.4.1.jar;C:\Users\Mamdouh\.m2\repository\net\sourceforge\tcljava\com.springsource.tcl.lang\1.4.1\com.springsource.tcl.lang-1.4.1.jar;C:\Users\Mamdouh\.m2\repository\mysql\mysql-connector-java\5.1.6\mysql-connector-java-5.1.6.jar;C:\Users\Mamdouh\.m2\repository\com\microsoft\sqlserver\mssql-jdbc\7.2.2.jre8\mssql-jdbc-7.2.2.jre8.jar;C:\Users\Mamdouh\.m2\repository\postgresql\postgresql\9.1-901-1.jdbc4\postgresql-9.1-901-1.jdbc4.jar;C:\Users\Mamdouh\.m2\repository\com\ibm\db2\jcc\db2jcc\db2jcc4\db2jcc-db2jcc4.jar;C:\Users\Mamdouh\.m2\repository\io\cucumber\cucumber-java\5.3.0\cucumber-java-5.3.0.jar;C:\Users\Mamdouh\.m2\repository\io\cucumber\cucumber-core\5.3.0\cucumber-core-5.3.0.jar;C:\Users\Mamdouh\.m2\repository\io\cucumber\cucumber-gherkin\5.3.0\cucumber-gherkin-5.3.0.jar;C:\Users\Mamdouh\.m2\repository\io\cucumber\cucumber-gherkin-vintage\5.3.0\cucumber-gherkin-vintage-5.3.0.jar;C:\Users\Mamdouh\.m2\repository\io\cucumber\tag-expressions\2.0.4\tag-expressions-2.0.4.jar;C:\Users\Mamdouh\.m2\repository\io\cucumber\cucumber-expressions\8.3.1\cucumber-expressions-8.3.1.jar;C:\Users\Mamdouh\.m2\repository\io\cucumber\datatable\3.3.0\datatable-3.3.0.jar;C:\Users\Mamdouh\.m2\repository\io\cucumber\cucumber-plugin\5.3.0\cucumber-plugin-5.3.0.jar;C:\Users\Mamdouh\.m2\repository\io\cucumber\docstring\5.3.0\docstring-5.3.0.jar;C:\Users\Mamdouh\.m2\repository\org\apiguardian\apiguardian-api\1.1.0\apiguardian-api-1.1.0.jar;C:\Users\Mamdouh\.m2\repository\io\cucumber\cucumber-testng\5.3.0\cucumber-testng-5.3.0.jar;C:\Users\Mamdouh\.m2\repository\com\pojosontheweb\monte-repack\1.0.1\monte-repack-1.0.1.jar;C:\Users\Mamdouh\.m2\repository\javax\media\jai\com.springsource.javax.media.jai.core\1.1.3\com.springsource.javax.media.jai.core-1.1.3.jar;C:\Users\Mamdouh\.m2\repository\javax\media\jai\com.springsource.javax.media.jai.codec\1.1.3\com.springsource.javax.media.jai.codec-1.1.3.jar;C:\Users\Mamdouh\.m2\repository\javax\media\jmf\2.1.1e\jmf-2.1.1e.jar;C:\Users\Mamdouh\.m2\repository\org\slf4j\slf4j-simple\1.7.26\slf4j-simple-1.7.26.jar;C:\Users\Mamdouh\.m2\repository\org\slf4j\slf4j-api\1.7.26\slf4j-api-1.7.26.jar;C:\Users\Mamdouh\.m2\repository\io\github\mohabmohie\SHAFT_ENGINE\4.1.20200309\SHAFT_ENGINE-4.1.20200309.jar;C:\Users\Mamdouh\.m2\repository\io\github\mohabmohie\SHAFT_ENGINE\4.1.20200309\SHAFT_ENGINE-4.1.20200309-javadoc.jar;C:\Users\Mamdouh\.m2\repository\io\github\mohabmohie\SHAFT_ENGINE\4.1.20200309\SHAFT_ENGINE-4.1.20200309-sources.jar;"/>
    <property name="org.uncommons.reportng.escape-output" value="false"/>
    <property name="java.vm.vendor" value="Oracle Corporation"/>
    <property name="allureVersion" value="2.13.0"/>
    <property name="user.variant" value=""/>
    <property name="user.timezone" value="Africa/Cairo"/>
    <property name="downloadsFolderPath" value="target/downloadedFiles/"/>
    <property name="java.vm.specification.version" value="13"/>
    <property name="os.name" value="Windows 10"/>
    <property name="forceCheckTextWasTypedCorrectly" value="true"/>
    <property name="databaseQueryTimeout" value="60"/>
    <property name="sun.java.launcher" value="SUN_STANDARD"/>
    <property name="user.country" value="US"/>
    <property name="allure.link.issue.pattern" value=""/>
    <property name="surefire.test.class.path" value="C:\Users\Mamdouh\workspace\PHPTravels_RegistrationModule\target\test-classes;C:\Users\Mamdouh\workspace\PHPTravels_RegistrationModule\target\classes;C:\Users\Mamdouh\.m2\repository\com\sikulix\sikulixapi\2.0.3\sikulixapi-2.0.3.jar;C:\Users\Mamdouh\.m2\repository\com\sikulix\sikulix2tigervnc\1.1.4\sikulix2tigervnc-1.1.4.jar;C:\Users\Mamdouh\.m2\repository\commons-cli\commons-cli\1.4\commons-cli-1.4.jar;C:\Users\Mamdouh\.m2\repository\org\apache\commons\commons-exec\1.3\commons-exec-1.3.jar;C:\Users\Mamdouh\.m2\repository\net\java\dev\jna\jna-platform\5.4.0\jna-platform-5.4.0.jar;C:\Users\Mamdouh\.m2\repository\net\java\dev\jna\jna\5.4.0\jna-5.4.0.jar;C:\Users\Mamdouh\.m2\repository\net\oneandone\reflections8\reflections8\0.11.6\reflections8-0.11.6.jar;C:\Users\Mamdouh\.m2\repository\org\javassist\javassist\3.22.0-GA\javassist-3.22.0-GA.jar;C:\Users\Mamdouh\.m2\repository\net\sourceforge\tess4j\tess4j\4.4.1\tess4j-4.4.1.jar;C:\Users\Mamdouh\.m2\repository\com\github\jai-imageio\jai-imageio-core\1.4.0\jai-imageio-core-1.4.0.jar;C:\Users\Mamdouh\.m2\repository\org\ghost4j\ghost4j\1.0.1\ghost4j-1.0.1.jar;C:\Users\Mamdouh\.m2\repository\log4j\log4j\1.2.17\log4j-1.2.17.jar;C:\Users\Mamdouh\.m2\repository\org\apache\xmlgraphics\xmlgraphics-commons\1.4\xmlgraphics-commons-1.4.jar;C:\Users\Mamdouh\.m2\repository\com\lowagie\itext\2.1.7\itext-2.1.7.jar;C:\Users\Mamdouh\.m2\repository\org\apache\pdfbox\pdfbox\2.0.17\pdfbox-2.0.17.jar;C:\Users\Mamdouh\.m2\repository\org\apache\pdfbox\fontbox\2.0.17\fontbox-2.0.17.jar;C:\Users\Mamdouh\.m2\repository\commons-logging\commons-logging\1.2\commons-logging-1.2.jar;C:\Users\Mamdouh\.m2\repository\org\apache\pdfbox\pdfbox-tools\2.0.17\pdfbox-tools-2.0.17.jar;C:\Users\Mamdouh\.m2\repository\org\apache\pdfbox\pdfbox-debugger\2.0.17\pdfbox-debugger-2.0.17.jar;C:\Users\Mamdouh\.m2\repository\org\apache\pdfbox\jbig2-imageio\3.0.2\jbig2-imageio-3.0.2.jar;C:\Users\Mamdouh\.m2\repository\net\sourceforge\lept4j\lept4j\1.12.3\lept4j-1.12.3.jar;C:\Users\Mamdouh\.m2\repository\org\jboss\jboss-vfs\3.2.14.Final\jboss-vfs-3.2.14.Final.jar;C:\Users\Mamdouh\.m2\repository\org\jboss\logging\jboss-logging\3.1.4.GA\jboss-logging-3.1.4.GA.jar;C:\Users\Mamdouh\.m2\repository\org\slf4j\jul-to-slf4j\1.7.28\jul-to-slf4j-1.7.28.jar;C:\Users\Mamdouh\.m2\repository\org\slf4j\jcl-over-slf4j\1.7.28\jcl-over-slf4j-1.7.28.jar;C:\Users\Mamdouh\.m2\repository\org\slf4j\log4j-over-slf4j\1.7.28\log4j-over-slf4j-1.7.28.jar;C:\Users\Mamdouh\.m2\repository\org\testng\testng\7.0.0\testng-7.0.0.jar;C:\Users\Mamdouh\.m2\repository\com\beust\jcommander\1.72\jcommander-1.72.jar;C:\Users\Mamdouh\.m2\repository\org\seleniumhq\selenium\selenium-java\3.141.59\selenium-java-3.141.59.jar;C:\Users\Mamdouh\.m2\repository\org\seleniumhq\selenium\selenium-api\3.141.59\selenium-api-3.141.59.jar;C:\Users\Mamdouh\.m2\repository\org\seleniumhq\selenium\selenium-chrome-driver\3.141.59\selenium-chrome-driver-3.141.59.jar;C:\Users\Mamdouh\.m2\repository\org\seleniumhq\selenium\selenium-edge-driver\3.141.59\selenium-edge-driver-3.141.59.jar;C:\Users\Mamdouh\.m2\repository\org\seleniumhq\selenium\selenium-firefox-driver\3.141.59\selenium-firefox-driver-3.141.59.jar;C:\Users\Mamdouh\.m2\repository\org\seleniumhq\selenium\selenium-ie-driver\3.141.59\selenium-ie-driver-3.141.59.jar;C:\Users\Mamdouh\.m2\repository\org\seleniumhq\selenium\selenium-opera-driver\3.141.59\selenium-opera-driver-3.141.59.jar;C:\Users\Mamdouh\.m2\repository\org\seleniumhq\selenium\selenium-remote-driver\3.141.59\selenium-remote-driver-3.141.59.jar;C:\Users\Mamdouh\.m2\repository\org\seleniumhq\selenium\selenium-safari-driver\3.141.59\selenium-safari-driver-3.141.59.jar;C:\Users\Mamdouh\.m2\repository\org\seleniumhq\selenium\selenium-support\3.141.59\selenium-support-3.141.59.jar;C:\Users\Mamdouh\.m2\repository\net\bytebuddy\byte-buddy\1.8.15\byte-buddy-1.8.15.jar;C:\Users\Mamdouh\.m2\repository\com\google\guava\guava\25.0-jre\guava-25.0-jre.jar;C:\Users\Mamdouh\.m2\repository\com\google\code\findbugs\jsr305\1.3.9\jsr305-1.3.9.jar;C:\Users\Mamdouh\.m2\repository\org\checkerframework\checker-compat-qual\2.0.0\checker-compat-qual-2.0.0.jar;C:\Users\Mamdouh\.m2\repository\com\google\errorprone\error_prone_annotations\2.1.3\error_prone_annotations-2.1.3.jar;C:\Users\Mamdouh\.m2\repository\com\google\j2objc\j2objc-annotations\1.1\j2objc-annotations-1.1.jar;C:\Users\Mamdouh\.m2\repository\org\codehaus\mojo\animal-sniffer-annotations\1.14\animal-sniffer-annotations-1.14.jar;C:\Users\Mamdouh\.m2\repository\com\squareup\okhttp3\okhttp\3.11.0\okhttp-3.11.0.jar;C:\Users\Mamdouh\.m2\repository\com\squareup\okio\okio\1.14.0\okio-1.14.0.jar;C:\Users\Mamdouh\.m2\repository\io\appium\java-client\7.3.0\java-client-7.3.0.jar;C:\Users\Mamdouh\.m2\repository\com\google\code\gson\gson\2.8.5\gson-2.8.5.jar;C:\Users\Mamdouh\.m2\repository\org\apache\httpcomponents\httpclient\4.5.9\httpclient-4.5.9.jar;C:\Users\Mamdouh\.m2\repository\org\apache\httpcomponents\httpcore\4.4.11\httpcore-4.4.11.jar;C:\Users\Mamdouh\.m2\repository\cglib\cglib\3.2.12\cglib-3.2.12.jar;C:\Users\Mamdouh\.m2\repository\org\ow2\asm\asm\7.1\asm-7.1.jar;C:\Users\Mamdouh\.m2\repository\commons-validator\commons-validator\1.6\commons-validator-1.6.jar;C:\Users\Mamdouh\.m2\repository\commons-beanutils\commons-beanutils\1.9.2\commons-beanutils-1.9.2.jar;C:\Users\Mamdouh\.m2\repository\commons-digester\commons-digester\1.8.1\commons-digester-1.8.1.jar;C:\Users\Mamdouh\.m2\repository\commons-collections\commons-collections\3.2.2\commons-collections-3.2.2.jar;C:\Users\Mamdouh\.m2\repository\org\apache\commons\commons-lang3\3.9\commons-lang3-3.9.jar;C:\Users\Mamdouh\.m2\repository\commons-io\commons-io\2.6\commons-io-2.6.jar;C:\Users\Mamdouh\.m2\repository\org\springframework\spring-context\5.1.8.RELEASE\spring-context-5.1.8.RELEASE.jar;C:\Users\Mamdouh\.m2\repository\org\springframework\spring-aop\5.1.8.RELEASE\spring-aop-5.1.8.RELEASE.jar;C:\Users\Mamdouh\.m2\repository\org\springframework\spring-beans\5.1.8.RELEASE\spring-beans-5.1.8.RELEASE.jar;C:\Users\Mamdouh\.m2\repository\org\springframework\spring-core\5.1.8.RELEASE\spring-core-5.1.8.RELEASE.jar;C:\Users\Mamdouh\.m2\repository\org\springframework\spring-jcl\5.1.8.RELEASE\spring-jcl-5.1.8.RELEASE.jar;C:\Users\Mamdouh\.m2\repository\org\springframework\spring-expression\5.1.8.RELEASE\spring-expression-5.1.8.RELEASE.jar;C:\Users\Mamdouh\.m2\repository\org\openpnp\opencv\3.4.2-2\opencv-3.4.2-2.jar;C:\Users\Mamdouh\.m2\repository\com\applitools\eyes-images-java4\4.5.0\eyes-images-java4-4.5.0.jar;C:\Users\Mamdouh\.m2\repository\com\applitools\eyes-common-java4\4.5.0\eyes-common-java4-4.5.0.jar;C:\Users\Mamdouh\.m2\repository\org\imgscalr\imgscalr-lib\4.2\imgscalr-lib-4.2.jar;C:\Users\Mamdouh\.m2\repository\com\fasterxml\jackson\core\jackson-databind\2.9.10.1\jackson-databind-2.9.10.1.jar;C:\Users\Mamdouh\.m2\repository\com\fasterxml\jackson\core\jackson-annotations\2.9.10\jackson-annotations-2.9.10.jar;C:\Users\Mamdouh\.m2\repository\com\fasterxml\jackson\core\jackson-core\2.9.10\jackson-core-2.9.10.jar;C:\Users\Mamdouh\.m2\repository\com\applitools\eyes-sdk-core-java4\4.5.0\eyes-sdk-core-java4-4.5.0.jar;C:\Users\Mamdouh\.m2\repository\com\applitools\eyes-connectivity-java4-jersey2x\4.5.0\eyes-connectivity-java4-jersey2x-4.5.0.jar;C:\Users\Mamdouh\.m2\repository\org\glassfish\jersey\connectors\jersey-apache-connector\2.16\jersey-apache-connector-2.16.jar;C:\Users\Mamdouh\.m2\repository\org\glassfish\jersey\core\jersey-common\2.16\jersey-common-2.16.jar;C:\Users\Mamdouh\.m2\repository\javax\annotation\javax.annotation-api\1.2\javax.annotation-api-1.2.jar;C:\Users\Mamdouh\.m2\repository\org\glassfish\jersey\bundles\repackaged\jersey-guava\2.16\jersey-guava-2.16.jar;C:\Users\Mamdouh\.m2\repository\org\glassfish\hk2\osgi-resource-locator\1.0.1\osgi-resource-locator-1.0.1.jar;C:\Users\Mamdouh\.m2\repository\javax\ws\rs\javax.ws.rs-api\2.0.1\javax.ws.rs-api-2.0.1.jar;C:\Users\Mamdouh\.m2\repository\org\glassfish\jersey\core\jersey-client\2.16\jersey-client-2.16.jar;C:\Users\Mamdouh\.m2\repository\org\glassfish\hk2\hk2-api\2.4.0-b09\hk2-api-2.4.0-b09.jar;C:\Users\Mamdouh\.m2\repository\org\glassfish\hk2\hk2-utils\2.4.0-b09\hk2-utils-2.4.0-b09.jar;C:\Users\Mamdouh\.m2\repository\org\glassfish\hk2\external\aopalliance-repackaged\2.4.0-b09\aopalliance-repackaged-2.4.0-b09.jar;C:\Users\Mamdouh\.m2\repository\org\glassfish\hk2\external\javax.inject\2.4.0-b09\javax.inject-2.4.0-b09.jar;C:\Users\Mamdouh\.m2\repository\org\glassfish\hk2\hk2-locator\2.4.0-b09\hk2-locator-2.4.0-b09.jar;C:\Users\Mamdouh\.m2\repository\io\github\bonigarcia\webdrivermanager\3.8.1\webdrivermanager-3.8.1.jar;C:\Users\Mamdouh\.m2\repository\org\rauschig\jarchivelib\1.0.0\jarchivelib-1.0.0.jar;C:\Users\Mamdouh\.m2\repository\org\jsoup\jsoup\1.11.3\jsoup-1.11.3.jar;C:\Users\Mamdouh\.m2\repository\org\apache\poi\poi\4.1.2\poi-4.1.2.jar;C:\Users\Mamdouh\.m2\repository\commons-codec\commons-codec\1.13\commons-codec-1.13.jar;C:\Users\Mamdouh\.m2\repository\org\apache\commons\commons-collections4\4.4\commons-collections4-4.4.jar;C:\Users\Mamdouh\.m2\repository\org\apache\commons\commons-math3\3.6.1\commons-math3-3.6.1.jar;C:\Users\Mamdouh\.m2\repository\com\zaxxer\SparseBitSet\1.2\SparseBitSet-1.2.jar;C:\Users\Mamdouh\.m2\repository\org\apache\poi\poi-ooxml\4.1.2\poi-ooxml-4.1.2.jar;C:\Users\Mamdouh\.m2\repository\org\apache\poi\poi-ooxml-schemas\4.1.2\poi-ooxml-schemas-4.1.2.jar;C:\Users\Mamdouh\.m2\repository\org\apache\xmlbeans\xmlbeans\3.1.0\xmlbeans-3.1.0.jar;C:\Users\Mamdouh\.m2\repository\org\apache\commons\commons-compress\1.19\commons-compress-1.19.jar;C:\Users\Mamdouh\.m2\repository\com\github\virtuald\curvesapi\1.06\curvesapi-1.06.jar;C:\Users\Mamdouh\.m2\repository\io\qameta\allure\allure-testng\2.13.1\allure-testng-2.13.1.jar;C:\Users\Mamdouh\.m2\repository\io\qameta\allure\allure-java-commons\2.13.1\allure-java-commons-2.13.1.jar;C:\Users\Mamdouh\.m2\repository\io\qameta\allure\allure-model\2.13.1\allure-model-2.13.1.jar;C:\Users\Mamdouh\.m2\repository\org\apache\tika\tika-core\1.20\tika-core-1.20.jar;C:\Users\Mamdouh\.m2\repository\org\jooq\joor-java-8\0.9.10\joor-java-8-0.9.10.jar;C:\Users\Mamdouh\.m2\repository\org\aspectj\aspectjweaver\1.9.5\aspectjweaver-1.9.5.jar;C:\Users\Mamdouh\.m2\repository\io\rest-assured\rest-assured\4.2.0\rest-assured-4.2.0.jar;C:\Users\Mamdouh\.m2\repository\org\codehaus\groovy\groovy\2.5.8\groovy-2.5.8.jar;C:\Users\Mamdouh\.m2\repository\org\codehaus\groovy\groovy-xml\2.5.8\groovy-xml-2.5.8.jar;C:\Users\Mamdouh\.m2\repository\org\apache\httpcomponents\httpmime\4.5.3\httpmime-4.5.3.jar;C:\Users\Mamdouh\.m2\repository\org\hamcrest\hamcrest\2.1\hamcrest-2.1.jar;C:\Users\Mamdouh\.m2\repository\org\ccil\cowan\tagsoup\tagsoup\1.2.1\tagsoup-1.2.1.jar;C:\Users\Mamdouh\.m2\repository\io\rest-assured\json-path\4.2.0\json-path-4.2.0.jar;C:\Users\Mamdouh\.m2\repository\org\codehaus\groovy\groovy-json\2.5.8\groovy-json-2.5.8.jar;C:\Users\Mamdouh\.m2\repository\io\rest-assured\rest-assured-common\4.2.0\rest-assured-common-4.2.0.jar;C:\Users\Mamdouh\.m2\repository\io\rest-assured\xml-path\4.2.0\xml-path-4.2.0.jar;C:\Users\Mamdouh\.m2\repository\jakarta\xml\bind\jakarta.xml.bind-api\2.3.2\jakarta.xml.bind-api-2.3.2.jar;C:\Users\Mamdouh\.m2\repository\jakarta\activation\jakarta.activation-api\1.2.1\jakarta.activation-api-1.2.1.jar;C:\Users\Mamdouh\.m2\repository\com\sun\xml\bind\jaxb-osgi\2.3.0.1\jaxb-osgi-2.3.0.1.jar;C:\Users\Mamdouh\.m2\repository\org\apache\sling\org.apache.sling.javax.activation\0.1.0\org.apache.sling.javax.activation-0.1.0.jar;C:\Users\Mamdouh\.m2\repository\javax\activation\activation\1.1.1\activation-1.1.1.jar;C:\Users\Mamdouh\.m2\repository\com\googlecode\json-simple\json-simple\1.1.1\json-simple-1.1.1.jar;C:\Users\Mamdouh\.m2\repository\junit\junit\4.10\junit-4.10.jar;C:\Users\Mamdouh\.m2\repository\org\hamcrest\hamcrest-core\1.1\hamcrest-core-1.1.jar;C:\Users\Mamdouh\.m2\repository\org\skyscreamer\jsonassert\1.5.0\jsonassert-1.5.0.jar;C:\Users\Mamdouh\.m2\repository\com\vaadin\external\google\android-json\0.0.20131108.vaadin1\android-json-0.0.20131108.vaadin1.jar;C:\Users\Mamdouh\.m2\repository\eu\medsea\mimeutil\mime-util\2.1.3\mime-util-2.1.3.jar;C:\Users\Mamdouh\.m2\repository\com\jcraft\jsch\0.1.55\jsch-0.1.55.jar;C:\Users\Mamdouh\.m2\repository\com\github\cverges\expect4j\1.9\expect4j-1.9.jar;C:\Users\Mamdouh\.m2\repository\org\apache\servicemix\bundles\org.apache.servicemix.bundles.oro\2.0.8_6\org.apache.servicemix.bundles.oro-2.0.8_6.jar;C:\Users\Mamdouh\.m2\repository\commons-net\commons-net\3.3\commons-net-3.3.jar;C:\Users\Mamdouh\.m2\repository\net\sourceforge\tcljava\com.springsource.tcl.lang.jacl\1.4.1\com.springsource.tcl.lang.jacl-1.4.1.jar;C:\Users\Mamdouh\.m2\repository\net\sourceforge\tcljava\com.springsource.tcl.lang\1.4.1\com.springsource.tcl.lang-1.4.1.jar;C:\Users\Mamdouh\.m2\repository\mysql\mysql-connector-java\5.1.6\mysql-connector-java-5.1.6.jar;C:\Users\Mamdouh\.m2\repository\com\microsoft\sqlserver\mssql-jdbc\7.2.2.jre8\mssql-jdbc-7.2.2.jre8.jar;C:\Users\Mamdouh\.m2\repository\postgresql\postgresql\9.1-901-1.jdbc4\postgresql-9.1-901-1.jdbc4.jar;C:\Users\Mamdouh\.m2\repository\com\ibm\db2\jcc\db2jcc\db2jcc4\db2jcc-db2jcc4.jar;C:\Users\Mamdouh\.m2\repository\io\cucumber\cucumber-java\5.3.0\cucumber-java-5.3.0.jar;C:\Users\Mamdouh\.m2\repository\io\cucumber\cucumber-core\5.3.0\cucumber-core-5.3.0.jar;C:\Users\Mamdouh\.m2\repository\io\cucumber\cucumber-gherkin\5.3.0\cucumber-gherkin-5.3.0.jar;C:\Users\Mamdouh\.m2\repository\io\cucumber\cucumber-gherkin-vintage\5.3.0\cucumber-gherkin-vintage-5.3.0.jar;C:\Users\Mamdouh\.m2\repository\io\cucumber\tag-expressions\2.0.4\tag-expressions-2.0.4.jar;C:\Users\Mamdouh\.m2\repository\io\cucumber\cucumber-expressions\8.3.1\cucumber-expressions-8.3.1.jar;C:\Users\Mamdouh\.m2\repository\io\cucumber\datatable\3.3.0\datatable-3.3.0.jar;C:\Users\Mamdouh\.m2\repository\io\cucumber\cucumber-plugin\5.3.0\cucumber-plugin-5.3.0.jar;C:\Users\Mamdouh\.m2\repository\io\cucumber\docstring\5.3.0\docstring-5.3.0.jar;C:\Users\Mamdouh\.m2\repository\org\apiguardian\apiguardian-api\1.1.0\apiguardian-api-1.1.0.jar;C:\Users\Mamdouh\.m2\repository\io\cucumber\cucumber-testng\5.3.0\cucumber-testng-5.3.0.jar;C:\Users\Mamdouh\.m2\repository\com\pojosontheweb\monte-repack\1.0.1\monte-repack-1.0.1.jar;C:\Users\Mamdouh\.m2\repository\javax\media\jai\com.springsource.javax.media.jai.core\1.1.3\com.springsource.javax.media.jai.core-1.1.3.jar;C:\Users\Mamdouh\.m2\repository\javax\media\jai\com.springsource.javax.media.jai.codec\1.1.3\com.springsource.javax.media.jai.codec-1.1.3.jar;C:\Users\Mamdouh\.m2\repository\javax\media\jmf\2.1.1e\jmf-2.1.1e.jar;C:\Users\Mamdouh\.m2\repository\org\slf4j\slf4j-simple\1.7.26\slf4j-simple-1.7.26.jar;C:\Users\Mamdouh\.m2\repository\org\slf4j\slf4j-api\1.7.26\slf4j-api-1.7.26.jar;C:\Users\Mamdouh\.m2\repository\io\github\mohabmohie\SHAFT_ENGINE\4.1.20200309\SHAFT_ENGINE-4.1.20200309.jar;C:\Users\Mamdouh\.m2\repository\io\github\mohabmohie\SHAFT_ENGINE\4.1.20200309\SHAFT_ENGINE-4.1.20200309-javadoc.jar;C:\Users\Mamdouh\.m2\repository\io\github\mohabmohie\SHAFT_ENGINE\4.1.20200309\SHAFT_ENGINE-4.1.20200309-sources.jar;"/>
    <property name="apiSocketTimeout" value="60"/>
    <property name="sun.cpu.endian" value="little"/>
    <property name="user.home" value="C:\Users\Mamdouh"/>
    <property name="user.language" value="en"/>
    <property name="recordVideo" value="false"/>
    <property name="setThreadCount" value="1"/>
    <property name="javax.accessibility.assistive_technologies" value="com.sun.java.accessibility.AccessBridge"/>
    <property name="allure.link.tms.pattern" value=""/>
    <property name="setGroupByInstances" value="true"/>
    <property name="appium_deviceName" value="SONY Xperia XA1 Ultra"/>
    <property name="createAnimatedGif" value="true"/>
    <property name="screenshotParams_screenshotType" value="Regular"/>
    <property name="debugMode" value="false"/>
    <property name="surefire.real.class.path" value="C:\Users\Mamdouh\AppData\Local\Temp\surefire10993822767771324812\surefirebooter2882372834296219221.jar"/>
    <property name="shellSessionTimeout" value="30"/>
    <property name="applitoolsApiKey" value=""/>
    <property name="jsonFolderPath" value="src/test/resources/TestJsonFiles/"/>
    <property name="appium_appActivity" value=""/>
    <property name="path.separator" value=";"/>
    <property name="screenshotParams_skippedElementsFromScreenshot" value=""/>
    <property name="os.version" value="10.0"/>
    <property name="java.runtime.name" value="Java(TM) SE Runtime Environment"/>
    <property name="pageLoadTimeout" value="120"/>
    <property name="screenshotParams_highlightMethod" value="JavaScript"/>
    <property name="java.vm.name" value="Java HotSpot(TM) 64-Bit Server VM"/>
    <property name="apiConnectionTimeout" value="60"/>
    <property name="java.vendor.url.bug" value="https://bugreport.java.com/bugreport/"/>
    <property name="animatedGif_frameDelay" value="500"/>
    <property name="user.dir" value="C:\Users\Mamdouh\workspace\PHPTravels_RegistrationModule"/>
    <property name="forceCheckElementLocatorIsUnique" value="true"/>
    <property name="os.arch" value="amd64"/>
    <property name="appium_app" value="https://github.com/appium/appium/raw/master/sample-code/apps/ApiDemos-debug.apk"/>
    <property name="setVerbose" value="1"/>
    <property name="customDriverPath" value=""/>
    <property name="setParallel" value="NONE"/>
    <property name="setDataProviderThreadCount" value="1"/>
    <property name="java.vm.info" value="mixed mode, sharing"/>
    <property name="java.vm.version" value="13.0.1+9"/>
    <property name="java.class.version" value="57.0"/>
  </properties>
  <testcase name="checkSignUpWithValidDataAndVerifyLogin" classname="tests.gui.phpTravels.TestRegistration" time="36.466"/>
  <testcase name="testEmailFormatValidation" classname="tests.gui.phpTravels.TestRegistration" time="19.199">
    <failure message="AssertEquals FAILED; Expected [https://www.phptravels.net/register] and Actual [https://www.phptravels.net/account/]. Comparison Type [EQUALS]. Validation Type [POSITIVE]." type="java.lang.AssertionError"><![CDATA[java.lang.AssertionError: AssertEquals FAILED; Expected [https://www.phptravels.net/register] and Actual [https://www.phptravels.net/account/]. Comparison Type [EQUALS]. Validation Type [POSITIVE].
	at tests.gui.phpTravels.TestRegistration.testEmailFormatValidation(TestRegistration.java:83)
]]></failure>
    <system-err><![CDATA[[1585559447.490][SEVERE]: Timed out receiving message from renderer: 0.100
[1585559447.591][SEVERE]: Timed out receiving message from renderer: 0.100
[1585559447.782][SEVERE]: Timed out receiving message from renderer: 0.100
[1585559447.884][SEVERE]: Timed out receiving message from renderer: 0.100
[1585559448.075][SEVERE]: Timed out receiving message from renderer: 0.100
[1585559449.985][SEVERE]: Timed out receiving message from renderer: 0.100
[1585559450.086][SEVERE]: Timed out receiving message from renderer: 0.100
[1585559450.273][SEVERE]: Timed out receiving message from renderer: 0.100
[1585559450.374][SEVERE]: Timed out receiving message from renderer: 0.100
[1585559450.475][SEVERE]: Timed out receiving message from renderer: 0.100
[1585559450.638][SEVERE]: Timed out receiving message from renderer: 0.100
[1585559468.739][SEVERE]: Timed out receiving message from renderer: 0.100
[1585559468.995][SEVERE]: Timed out receiving message from renderer: 0.100
[1585559469.137][SEVERE]: Timed out receiving message from renderer: 0.100
]]></system-err>
  </testcase>
  <testcase name="testFirstNameAndLastNameMatching" classname="tests.gui.phpTravels.TestRegistration" time="19.332">
    <failure message="AssertEquals FAILED; Expected [https://www.phptravels.net/register] and Actual [https://www.phptravels.net/account/]. Comparison Type [EQUALS]. Validation Type [POSITIVE]." type="java.lang.AssertionError"><![CDATA[java.lang.AssertionError: AssertEquals FAILED; Expected [https://www.phptravels.net/register] and Actual [https://www.phptravels.net/account/]. Comparison Type [EQUALS]. Validation Type [POSITIVE].
	at tests.gui.phpTravels.TestRegistration.testFirstNameAndLastNameMatching(TestRegistration.java:67)
]]></failure>
    <system-err><![CDATA[[1585559477.238][SEVERE]: Timed out receiving message from renderer: 0.100
[1585559477.631][SEVERE]: Timed out receiving message from renderer: 0.100
[1585559477.837][SEVERE]: Timed out receiving message from renderer: 0.100
[1585559478.077][SEVERE]: Timed out receiving message from renderer: 0.100
[1585559478.180][SEVERE]: Timed out receiving message from renderer: 0.100
[1585559478.338][SEVERE]: Timed out receiving message from renderer: 0.100
[1585559478.451][SEVERE]: Timed out receiving message from renderer: 0.100
[1585559478.608][SEVERE]: Timed out receiving message from renderer: 0.100
[1585559478.710][SEVERE]: Timed out receiving message from renderer: 0.100
[1585559478.811][SEVERE]: Timed out receiving message from renderer: 0.100
[1585559478.912][SEVERE]: Timed out receiving message from renderer: 0.100
[1585559479.013][SEVERE]: Timed out receiving message from renderer: 0.100
[1585559480.893][SEVERE]: Timed out receiving message from renderer: 0.100
[1585559480.995][SEVERE]: Timed out receiving message from renderer: 0.100
[1585559481.180][SEVERE]: Timed out receiving message from renderer: 0.100
[1585559481.282][SEVERE]: Timed out receiving message from renderer: 0.100
[1585559481.497][SEVERE]: Timed out receiving message from renderer: 0.100
[1585559499.364][SEVERE]: Timed out receiving message from renderer: 0.100
[1585559499.465][SEVERE]: Timed out receiving message from renderer: 0.100
[1585559499.937][SEVERE]: Timed out receiving message from renderer: 0.100
[1585559500.039][SEVERE]: Timed out receiving message from renderer: 0.100
[1585559500.268][SEVERE]: Timed out receiving message from renderer: 0.100
[1585559500.371][SEVERE]: Timed out receiving message from renderer: 0.100
[1585559500.518][SEVERE]: Timed out receiving message from renderer: 0.100
]]></system-err>
  </testcase>
  <testcase name="testFirstNameValidation" classname="tests.gui.phpTravels.TestRegistration" time="18.704">
    <failure message="AssertEquals FAILED; Expected [https://www.phptravels.net/register] and Actual [https://www.phptravels.net/account/]. Comparison Type [EQUALS]. Validation Type [POSITIVE]." type="java.lang.AssertionError"><![CDATA[java.lang.AssertionError: AssertEquals FAILED; Expected [https://www.phptravels.net/register] and Actual [https://www.phptravels.net/account/]. Comparison Type [EQUALS]. Validation Type [POSITIVE].
	at tests.gui.phpTravels.TestRegistration.testFirstNameValidation(TestRegistration.java:51)
]]></failure>
    <system-err><![CDATA[[1585559508.186][SEVERE]: Timed out receiving message from renderer: 0.100
[1585559508.313][SEVERE]: Timed out receiving message from renderer: 0.100
[1585559508.414][SEVERE]: Timed out receiving message from renderer: 0.100
[1585559508.627][SEVERE]: Timed out receiving message from renderer: 0.100
[1585559508.728][SEVERE]: Timed out receiving message from renderer: 0.100
[1585559508.946][SEVERE]: Timed out receiving message from renderer: 0.100
[1585559510.932][SEVERE]: Timed out receiving message from renderer: 0.100
[1585559511.033][SEVERE]: Timed out receiving message from renderer: 0.100
[1585559511.200][SEVERE]: Timed out receiving message from renderer: 0.100
[1585559511.301][SEVERE]: Timed out receiving message from renderer: 0.100
[1585559511.402][SEVERE]: Timed out receiving message from renderer: 0.100
[1585559511.504][SEVERE]: Timed out receiving message from renderer: 0.100
[1585559511.615][SEVERE]: Timed out receiving message from renderer: 0.100
[1585559511.718][SEVERE]: Timed out receiving message from renderer: 0.100
[1585559511.982][SEVERE]: Timed out receiving message from renderer: 0.100
[1585559529.711][SEVERE]: Timed out receiving message from renderer: 0.100
[1585559529.960][SEVERE]: Timed out receiving message from renderer: 0.100
[1585559530.212][SEVERE]: Timed out receiving message from renderer: 0.100
]]></system-err>
  </testcase>
  <testcase name="testLastNameValidation" classname="tests.gui.phpTravels.TestRegistration" time="18.908">
    <failure message="AssertEquals FAILED; Expected [https://www.phptravels.net/register] and Actual [https://www.phptravels.net/account/]. Comparison Type [EQUALS]. Validation Type [POSITIVE]." type="java.lang.AssertionError"><![CDATA[java.lang.AssertionError: AssertEquals FAILED; Expected [https://www.phptravels.net/register] and Actual [https://www.phptravels.net/account/]. Comparison Type [EQUALS]. Validation Type [POSITIVE].
	at tests.gui.phpTravels.TestRegistration.testLastNameValidation(TestRegistration.java:59)
]]></failure>
    <system-err><![CDATA[[1585559537.629][SEVERE]: Timed out receiving message from renderer: 0.100
[1585559537.983][SEVERE]: Timed out receiving message from renderer: 0.100
[1585559538.190][SEVERE]: Timed out receiving message from renderer: 0.100
[1585559538.292][SEVERE]: Timed out receiving message from renderer: 0.100
[1585559538.517][SEVERE]: Timed out receiving message from renderer: 0.100
[1585559538.621][SEVERE]: Timed out receiving message from renderer: 0.100
[1585559538.783][SEVERE]: Timed out receiving message from renderer: 0.100
[1585559538.941][SEVERE]: Timed out receiving message from renderer: 0.100
[1585559539.042][SEVERE]: Timed out receiving message from renderer: 0.100
[1585559539.144][SEVERE]: Timed out receiving message from renderer: 0.100
[1585559539.245][SEVERE]: Timed out receiving message from renderer: 0.100
[1585559539.346][SEVERE]: Timed out receiving message from renderer: 0.100
[1585559539.448][SEVERE]: Timed out receiving message from renderer: 0.100
[1585559539.549][SEVERE]: Timed out receiving message from renderer: 0.100
[1585559539.650][SEVERE]: Timed out receiving message from renderer: 0.100
[1585559541.334][SEVERE]: Timed out receiving message from renderer: 0.100
[1585559541.436][SEVERE]: Timed out receiving message from renderer: 0.100
[1585559541.659][SEVERE]: Timed out receiving message from renderer: 0.100
[1585559542.779][SEVERE]: Timed out receiving message from renderer: 0.100
[1585559560.852][SEVERE]: Timed out receiving message from renderer: 0.100
[1585559560.993][SEVERE]: Timed out receiving message from renderer: 0.100
[1585559561.094][SEVERE]: Timed out receiving message from renderer: 0.100
]]></system-err>
  </testcase>
  <testcase name="testMobileNumberValidation" classname="tests.gui.phpTravels.TestRegistration" time="18.623">
    <failure message="AssertEquals FAILED; Expected [https://www.phptravels.net/register] and Actual [https://www.phptravels.net/account/]. Comparison Type [EQUALS]. Validation Type [POSITIVE]." type="java.lang.AssertionError"><![CDATA[java.lang.AssertionError: AssertEquals FAILED; Expected [https://www.phptravels.net/register] and Actual [https://www.phptravels.net/account/]. Comparison Type [EQUALS]. Validation Type [POSITIVE].
	at tests.gui.phpTravels.TestRegistration.testMobileNumberValidation(TestRegistration.java:75)
]]></failure>
    <system-err><![CDATA[[1585559569.460][SEVERE]: Timed out receiving message from renderer: 0.100
[1585559569.568][SEVERE]: Timed out receiving message from renderer: 0.100
[1585559569.742][SEVERE]: Timed out receiving message from renderer: 0.100
[1585559569.844][SEVERE]: Timed out receiving message from renderer: 0.100
[1585559570.018][SEVERE]: Timed out receiving message from renderer: 0.100
[1585559570.134][SEVERE]: Timed out receiving message from renderer: 0.100
[1585559570.235][SEVERE]: Timed out receiving message from renderer: 0.100
[1585559571.863][SEVERE]: Timed out receiving message from renderer: 0.100
[1585559571.964][SEVERE]: Timed out receiving message from renderer: 0.100
[1585559572.184][SEVERE]: Timed out receiving message from renderer: 0.100
[1585559572.285][SEVERE]: Timed out receiving message from renderer: 0.100
[1585559572.421][SEVERE]: Timed out receiving message from renderer: 0.100
[1585559590.259][SEVERE]: Timed out receiving message from renderer: 0.100
[1585559590.410][SEVERE]: Timed out receiving message from renderer: 0.100
[1585559590.642][SEVERE]: Timed out receiving message from renderer: 0.100
[1585559590.901][SEVERE]: Timed out receiving message from renderer: 0.100
]]></system-err>
  </testcase>
  <testcase name="testPasswordConfirmationValidation" classname="tests.gui.phpTravels.TestRegistration" time="16.85"/>
  <testcase name="testPasswordMaxLengthAndAlphaNumericValidation" classname="tests.gui.phpTravels.TestRegistration" time="18.3">
    <failure message="AssertEquals FAILED; Expected [https://www.phptravels.net/register] and Actual [https://www.phptravels.net/account/]. Comparison Type [EQUALS]. Validation Type [POSITIVE]." type="java.lang.AssertionError"><![CDATA[java.lang.AssertionError: AssertEquals FAILED; Expected [https://www.phptravels.net/register] and Actual [https://www.phptravels.net/account/]. Comparison Type [EQUALS]. Validation Type [POSITIVE].
	at tests.gui.phpTravels.TestRegistration.testPasswordMaxLengthAndAlphaNumericValidation(TestRegistration.java:99)
]]></failure>
    <system-err><![CDATA[[1585559621.621][SEVERE]: Timed out receiving message from renderer: 0.100
[1585559621.722][SEVERE]: Timed out receiving message from renderer: 0.100
[1585559621.880][SEVERE]: Timed out receiving message from renderer: 0.100
[1585559622.130][SEVERE]: Timed out receiving message from renderer: 0.100
[1585559639.486][SEVERE]: Timed out receiving message from renderer: 0.100
[1585559639.677][SEVERE]: Timed out receiving message from renderer: 0.100
[1585559639.779][SEVERE]: Timed out receiving message from renderer: 0.100
[1585559639.930][SEVERE]: Timed out receiving message from renderer: 0.100
]]></system-err>
  </testcase>
  <testcase name="testPasswordMinLengthVlaidation" classname="tests.gui.phpTravels.TestRegistration" time="16.961"/>
  <testcase name="testSignUpWithRegisteredEmailValidation" classname="tests.gui.phpTravels.TestRegistration" time="17.04"/>
</testsuite>